-------------------------------------------------------------------------------
Test set: Scenario: Test login with valid credentials
-------------------------------------------------------------------------------
Tests run: 5, Failures: 0, Errors: 2, Skipped: 3, Time elapsed: 0.376 s <<< FAILURE! - in Scenario: Test login with valid credentials
Given I am on the home page of facebook.com(Scenario: Test login with valid credentials)  Time elapsed: 0.063 s  <<< ERROR!
java.lang.NullPointerException

Scenario: Test login with valid credentials  Time elapsed: 0 s  <<< ERROR!
java.lang.NullPointerException

